1602748433602	geckodriver	INFO	Listening on 127.0.0.1:39241
1602748433608	mozrunner::runner	INFO	Running command: "/usr/bin/firefox" "--marionette" "-foreground" "-no-remote" "-profile" "/tmp/rust_mozprofile3n2IRO"
console.error: SearchCache: "_readCacheFile: Error reading cache file:" (new Error("", "(unknown module)"))
1602748435565	Marionette	INFO	Listening on port 38089
1602748435614	Marionette	WARN	TLS certificate errors will be ignored for this session
1602748488554	Marionette	INFO	Stopped listening on port 38089
1602748543548	geckodriver	INFO	Listening on 127.0.0.1:52969
1602748543553	mozrunner::runner	INFO	Running command: "/usr/bin/firefox" "--marionette" "-foreground" "-no-remote" "-profile" "/tmp/rust_mozprofileYmz0AR"
console.error: SearchCache: "_readCacheFile: Error reading cache file:" (new Error("", "(unknown module)"))
1602748545515	Marionette	INFO	Listening on port 35579
1602748545559	Marionette	WARN	TLS certificate errors will be ignored for this session
1602748731875	geckodriver	INFO	Listening on 127.0.0.1:46641
1602748731899	mozrunner::runner	INFO	Running command: "/usr/bin/firefox" "--marionette" "-foreground" "-no-remote" "-profile" "/tmp/rust_mozprofilezXWYtB"
console.error: SearchCache: "_readCacheFile: Error reading cache file:" (new Error("", "(unknown module)"))
1602748733994	Marionette	INFO	Listening on port 34395
1602748734009	Marionette	WARN	TLS certificate errors will be ignored for this session
console.error: Region.jsm: "Error fetching region" (new AbortError("The operation was aborted. ", (void 0), 697))
console.error: Region.jsm: "Failed to fetch region" (new Error("NO_RESULT", "resource://gre/modules/Region.jsm", 351))
1602748855077	Marionette	INFO	Stopped listening on port 35579
1602748856318	Marionette	INFO	Stopped listening on port 34395
1602748860535	geckodriver	INFO	Listening on 127.0.0.1:33331
1602748860540	mozrunner::runner	INFO	Running command: "/usr/bin/firefox" "--marionette" "-foreground" "-no-remote" "-profile" "/tmp/rust_mozprofilekKpJXN"
console.error: SearchCache: "_readCacheFile: Error reading cache file:" (new Error("", "(unknown module)"))
1602748862653	Marionette	INFO	Listening on port 34465
1602748862746	Marionette	WARN	TLS certificate errors will be ignored for this session
1602748939350	geckodriver	INFO	Listening on 127.0.0.1:41079
1602748939355	mozrunner::runner	INFO	Running command: "/usr/bin/firefox" "--marionette" "-foreground" "-no-remote" "-profile" "/tmp/rust_mozprofileBaU05B"
console.error: SearchCache: "_readCacheFile: Error reading cache file:" (new Error("", "(unknown module)"))
1602748941474	Marionette	INFO	Listening on port 35675
1602748941562	Marionette	WARN	TLS certificate errors will be ignored for this session
1602749006376	Marionette	INFO	Stopped listening on port 34465
1602749008162	Marionette	INFO	Stopped listening on port 35675
1602749011590	geckodriver	INFO	Listening on 127.0.0.1:35119
1602749011595	mozrunner::runner	INFO	Running command: "/usr/bin/firefox" "--marionette" "-foreground" "-no-remote" "-profile" "/tmp/rust_mozprofile9InF94"
console.error: SearchCache: "_readCacheFile: Error reading cache file:" (new Error("", "(unknown module)"))
1602749013563	Marionette	INFO	Listening on port 45239
1602749013602	Marionette	WARN	TLS certificate errors will be ignored for this session
1602749055903	Marionette	INFO	Stopped listening on port 45239
1602749139158	geckodriver	INFO	Listening on 127.0.0.1:46047
1602749139163	mozrunner::runner	INFO	Running command: "/usr/bin/firefox" "--marionette" "-foreground" "-no-remote" "-profile" "/tmp/rust_mozprofilecWJXo0"
console.error: SearchCache: "_readCacheFile: Error reading cache file:" (new Error("", "(unknown module)"))
1602749141186	Marionette	INFO	Listening on port 36161
1602749141269	Marionette	WARN	TLS certificate errors will be ignored for this session
console.error: Region.jsm: "Error fetching region" (new AbortError("The operation was aborted. ", (void 0), 697))
console.error: Region.jsm: "Failed to fetch region" (new Error("NO_RESULT", "resource://gre/modules/Region.jsm", 351))
1602749234254	geckodriver	INFO	Listening on 127.0.0.1:33907
1602749234259	mozrunner::runner	INFO	Running command: "/usr/bin/firefox" "--marionette" "-foreground" "-no-remote" "-profile" "/tmp/rust_mozprofileXQsJhU"
console.error: SearchCache: "_readCacheFile: Error reading cache file:" (new Error("", "(unknown module)"))
1602749236393	Marionette	INFO	Listening on port 39499
1602749236470	Marionette	WARN	TLS certificate errors will be ignored for this session
1602749294641	Marionette	INFO	Stopped listening on port 39499
1602749313628	geckodriver	INFO	Listening on 127.0.0.1:60093
1602749313633	mozrunner::runner	INFO	Running command: "/usr/bin/firefox" "--marionette" "-foreground" "-no-remote" "-profile" "/tmp/rust_mozprofile6QLlNE"
console.error: SearchCache: "_readCacheFile: Error reading cache file:" (new Error("", "(unknown module)"))
1602749315742	Marionette	INFO	Listening on port 36795
1602749315840	Marionette	WARN	TLS certificate errors will be ignored for this session
1602749417948	Marionette	INFO	Stopped listening on port 36795
1602749764817	geckodriver	INFO	Listening on 127.0.0.1:44791
1602749764821	mozrunner::runner	INFO	Running command: "/usr/bin/firefox" "--marionette" "-foreground" "-no-remote" "-profile" "/tmp/rust_mozprofileRkhyno"
console.error: SearchCache: "_readCacheFile: Error reading cache file:" (new Error("", "(unknown module)"))
1602749766946	Marionette	INFO	Listening on port 38477
1602749767028	Marionette	WARN	TLS certificate errors will be ignored for this session
console.error: Region.jsm: "Error fetching region" (new AbortError("The operation was aborted. ", (void 0), 697))
console.error: Region.jsm: "Failed to fetch region" (new Error("NO_RESULT", "resource://gre/modules/Region.jsm", 351))
1602749899444	Marionette	INFO	Stopped listening on port 38477
1602749907602	Marionette	INFO	Stopped listening on port 36161
1602753617455	geckodriver	INFO	Listening on 127.0.0.1:47615
1602753617461	mozrunner::runner	INFO	Running command: "/usr/bin/firefox" "--marionette" "-foreground" "-no-remote" "-profile" "/tmp/rust_mozprofile0JOd7W"
console.error: SearchCache: "_readCacheFile: Error reading cache file:" (new Error("", "(unknown module)"))
1602753619021	Marionette	INFO	Listening on port 35545
1602753619065	Marionette	WARN	TLS certificate errors will be ignored for this session
1602753643024	Marionette	INFO	Stopped listening on port 35545
1602753871011	geckodriver	INFO	Listening on 127.0.0.1:57983
1602753871016	mozrunner::runner	INFO	Running command: "/usr/bin/firefox" "--marionette" "-foreground" "-no-remote" "-profile" "/tmp/rust_mozprofilePeJQcv"
console.error: SearchCache: "_readCacheFile: Error reading cache file:" (new Error("", "(unknown module)"))
1602753872553	Marionette	INFO	Listening on port 43517
1602753872645	Marionette	WARN	TLS certificate errors will be ignored for this session
1602754134682	geckodriver	INFO	Listening on 127.0.0.1:39961
1602754134688	mozrunner::runner	INFO	Running command: "/usr/bin/firefox" "--marionette" "-foreground" "-no-remote" "-profile" "/tmp/rust_mozprofilewd8Pk5"
console.error: SearchCache: "_readCacheFile: Error reading cache file:" (new Error("", "(unknown module)"))
1602754136306	Marionette	INFO	Listening on port 41441
1602754136393	Marionette	WARN	TLS certificate errors will be ignored for this session
1602754147645	Marionette	INFO	Stopped listening on port 41441
1602754157724	geckodriver	INFO	Listening on 127.0.0.1:55553
1602754157736	mozrunner::runner	INFO	Running command: "/usr/bin/firefox" "--marionette" "-foreground" "-no-remote" "-profile" "/tmp/rust_mozprofileIKhvTF"
console.error: SearchCache: "_readCacheFile: Error reading cache file:" (new Error("", "(unknown module)"))
1602754159355	Marionette	INFO	Listening on port 36007
1602754159453	Marionette	WARN	TLS certificate errors will be ignored for this session
Exiting due to channel error.
Exiting due to channel error.
Exiting due to channel error.
1602754225990	geckodriver	INFO	Listening on 127.0.0.1:53257
1602754225996	mozrunner::runner	INFO	Running command: "/usr/bin/firefox" "--marionette" "-foreground" "-no-remote" "-profile" "/tmp/rust_mozprofilebs1KT3"
console.error: SearchCache: "_readCacheFile: Error reading cache file:" (new Error("", "(unknown module)"))
1602754227543	Marionette	INFO	Listening on port 33757
1602754227600	Marionette	WARN	TLS certificate errors will be ignored for this session
1602754255757	geckodriver	INFO	Listening on 127.0.0.1:47263
1602754255764	mozrunner::runner	INFO	Running command: "/usr/bin/firefox" "--marionette" "-foreground" "-no-remote" "-profile" "/tmp/rust_mozprofileLnIwPB"
console.error: SearchCache: "_readCacheFile: Error reading cache file:" (new Error("", "(unknown module)"))
1602754257450	Marionette	INFO	Listening on port 41257
1602754257481	Marionette	WARN	TLS certificate errors will be ignored for this session
1602754277481	Marionette	INFO	Stopped listening on port 41257
1602754281920	Marionette	INFO	Stopped listening on port 43517
1602754285612	Marionette	INFO	Stopped listening on port 33757
1602754332554	geckodriver	INFO	Listening on 127.0.0.1:41477
1602754332562	mozrunner::runner	INFO	Running command: "/usr/bin/firefox" "--marionette" "-foreground" "-no-remote" "-profile" "/tmp/rust_mozprofiledbssyB"
console.error: SearchCache: "_readCacheFile: Error reading cache file:" (new Error("", "(unknown module)"))
1602754334218	Marionette	INFO	Listening on port 36249
1602754334268	Marionette	WARN	TLS certificate errors will be ignored for this session
1602754350893	Marionette	INFO	Stopped listening on port 36249
1602754355119	geckodriver	INFO	Listening on 127.0.0.1:38791
1602754355129	mozrunner::runner	INFO	Running command: "/usr/bin/firefox" "--marionette" "-foreground" "-no-remote" "-profile" "/tmp/rust_mozprofileBfqtya"
console.error: SearchCache: "_readCacheFile: Error reading cache file:" (new Error("", "(unknown module)"))
1602754356736	Marionette	INFO	Listening on port 33979
1602754356836	Marionette	WARN	TLS certificate errors will be ignored for this session
Exiting due to channel error.
Exiting due to channel error.
Exiting due to channel error.
1602754512866	geckodriver	INFO	Listening on 127.0.0.1:41811
1602754512873	mozrunner::runner	INFO	Running command: "/usr/bin/firefox" "--marionette" "-foreground" "-no-remote" "-profile" "/tmp/rust_mozprofiledGzF3v"
console.error: SearchCache: "_readCacheFile: Error reading cache file:" (new Error("", "(unknown module)"))
1602754514628	Marionette	INFO	Listening on port 45895
1602754514679	Marionette	WARN	TLS certificate errors will be ignored for this session
1602754524328	Marionette	INFO	Stopped listening on port 45895
1602754526094	geckodriver	INFO	Listening on 127.0.0.1:52147
1602754526106	mozrunner::runner	INFO	Running command: "/usr/bin/firefox" "--marionette" "-foreground" "-no-remote" "-profile" "/tmp/rust_mozprofilev0dEHg"
console.error: SearchCache: "_readCacheFile: Error reading cache file:" (new Error("", "(unknown module)"))
1602754527719	Marionette	INFO	Listening on port 33311
1602754527812	Marionette	WARN	TLS certificate errors will be ignored for this session
Exiting due to channel error.
Exiting due to channel error.
Exiting due to channel error.
1602754571443	geckodriver	INFO	Listening on 127.0.0.1:48777
1602754571452	mozrunner::runner	INFO	Running command: "/usr/bin/firefox" "--marionette" "-foreground" "-no-remote" "-profile" "/tmp/rust_mozprofileCgx8gS"
console.error: SearchCache: "_readCacheFile: Error reading cache file:" (new Error("", "(unknown module)"))
1602754573155	Marionette	INFO	Listening on port 39893
1602754573178	Marionette	WARN	TLS certificate errors will be ignored for this session
1602754656643	geckodriver	INFO	Listening on 127.0.0.1:45689
1602754656649	mozrunner::runner	INFO	Running command: "/usr/bin/firefox" "--marionette" "-foreground" "-no-remote" "-profile" "/tmp/rust_mozprofile8zicES"
console.error: SearchCache: "_readCacheFile: Error reading cache file:" (new Error("", "(unknown module)"))
1602754658472	Marionette	INFO	Listening on port 40123
1602754658556	Marionette	WARN	TLS certificate errors will be ignored for this session
1602754693744	geckodriver	INFO	Listening on 127.0.0.1:54319
1602754693751	mozrunner::runner	INFO	Running command: "/usr/bin/firefox" "--marionette" "-foreground" "-no-remote" "-profile" "/tmp/rust_mozprofile4GU0pj"
console.error: SearchCache: "_readCacheFile: Error reading cache file:" (new Error("", "(unknown module)"))
1602754695502	Marionette	INFO	Listening on port 34133
1602754695557	Marionette	WARN	TLS certificate errors will be ignored for this session
1602754725707	geckodriver	INFO	Listening on 127.0.0.1:33925
1602754725714	mozrunner::runner	INFO	Running command: "/usr/bin/firefox" "--marionette" "-foreground" "-no-remote" "-profile" "/tmp/rust_mozprofileStroXm"
console.error: SearchCache: "_readCacheFile: Error reading cache file:" (new Error("", "(unknown module)"))
1602754727488	Marionette	INFO	Listening on port 36065
1602754727519	Marionette	WARN	TLS certificate errors will be ignored for this session
1602754793810	geckodriver	INFO	Listening on 127.0.0.1:42847
1602754793815	mozrunner::runner	INFO	Running command: "/usr/bin/firefox" "--marionette" "-foreground" "-no-remote" "-profile" "/tmp/rust_mozprofile6wX250"
console.error: SearchCache: "_readCacheFile: Error reading cache file:" (new Error("", "(unknown module)"))
1602754795499	Marionette	INFO	Listening on port 38737
1602754795534	Marionette	WARN	TLS certificate errors will be ignored for this session
1602756409024	Marionette	INFO	Stopped listening on port 39893
1602756410826	Marionette	INFO	Stopped listening on port 40123
1602756412749	Marionette	INFO	Stopped listening on port 34133
1602756414064	Marionette	INFO	Stopped listening on port 36065
1602756415327	Marionette	INFO	Stopped listening on port 38737
1602756421663	geckodriver	INFO	Listening on 127.0.0.1:37863
1602756421667	mozrunner::runner	INFO	Running command: "/usr/bin/firefox" "--marionette" "-foreground" "-no-remote" "-profile" "/tmp/rust_mozprofileaOzwWu"
console.error: SearchCache: "_readCacheFile: Error reading cache file:" (new Error("", "(unknown module)"))
1602756423174	Marionette	INFO	Listening on port 33945
1602756423275	Marionette	WARN	TLS certificate errors will be ignored for this session
1602756435308	Marionette	INFO	Stopped listening on port 33945
1602756446621	geckodriver	INFO	Listening on 127.0.0.1:50841
1602756446625	mozrunner::runner	INFO	Running command: "/usr/bin/firefox" "--marionette" "-foreground" "-no-remote" "-profile" "/tmp/rust_mozprofiledNam2B"
console.error: SearchCache: "_readCacheFile: Error reading cache file:" (new Error("", "(unknown module)"))
1602756448428	Marionette	INFO	Listening on port 32875
1602756448434	Marionette	WARN	TLS certificate errors will be ignored for this session
1602756824368	geckodriver	INFO	Listening on 127.0.0.1:38637
1602756824372	mozrunner::runner	INFO	Running command: "/usr/bin/firefox" "--marionette" "-foreground" "-no-remote" "-profile" "/tmp/rust_mozprofileH5Qj3J"
console.error: SearchCache: "_readCacheFile: Error reading cache file:" (new Error("", "(unknown module)"))
1602756826008	Marionette	INFO	Listening on port 40099
1602756826077	Marionette	WARN	TLS certificate errors will be ignored for this session
JavaScript error: , line 0: uncaught exception: undefined
1602758165792	Marionette	INFO	Stopped listening on port 32875
1602758167065	Marionette	INFO	Stopped listening on port 40099
1602758295249	geckodriver	INFO	Listening on 127.0.0.1:47229
1602758295254	mozrunner::runner	INFO	Running command: "/usr/bin/firefox" "--marionette" "-foreground" "-no-remote" "-profile" "/tmp/rust_mozprofiledoQXNf"
console.error: SearchCache: "_readCacheFile: Error reading cache file:" (new Error("", "(unknown module)"))
1602758297947	Marionette	INFO	Listening on port 44505
1602758297967	Marionette	WARN	TLS certificate errors will be ignored for this session
1602758320401	Marionette	INFO	Stopped listening on port 44505
1602758357657	geckodriver	INFO	Listening on 127.0.0.1:33255
1602758357665	mozrunner::runner	INFO	Running command: "/usr/bin/firefox" "--marionette" "-foreground" "-no-remote" "-profile" "/tmp/rust_mozprofileo3bLmF"
console.error: SearchCache: "_readCacheFile: Error reading cache file:" (new Error("", "(unknown module)"))
1602758360245	Marionette	INFO	Listening on port 42827
1602758360290	Marionette	WARN	TLS certificate errors will be ignored for this session
1602758606153	geckodriver	INFO	Listening on 127.0.0.1:52935
1602758606161	mozrunner::runner	INFO	Running command: "/usr/bin/firefox" "--marionette" "-foreground" "-no-remote" "-profile" "/tmp/rust_mozprofilere0XUL"
console.error: SearchCache: "_readCacheFile: Error reading cache file:" (new Error("", "(unknown module)"))
1602758608911	Marionette	INFO	Listening on port 46621
1602758608995	Marionette	WARN	TLS certificate errors will be ignored for this session
1602758630500	geckodriver	INFO	Listening on 127.0.0.1:46139
1602758630505	mozrunner::runner	INFO	Running command: "/usr/bin/firefox" "--marionette" "-foreground" "-no-remote" "-profile" "/tmp/rust_mozprofilepQNojT"
console.error: SearchCache: "_readCacheFile: Error reading cache file:" (new Error("", "(unknown module)"))
1602758633247	Marionette	INFO	Listening on port 39909
1602758633318	Marionette	WARN	TLS certificate errors will be ignored for this session
1602758683434	geckodriver	INFO	Listening on 127.0.0.1:32989
1602758683441	mozrunner::runner	INFO	Running command: "/usr/bin/firefox" "--marionette" "-foreground" "-no-remote" "-profile" "/tmp/rust_mozprofileO3S5q9"
console.error: SearchCache: "_readCacheFile: Error reading cache file:" (new Error("", "(unknown module)"))
1602758686270	Marionette	INFO	Listening on port 46683
1602758686356	Marionette	WARN	TLS certificate errors will be ignored for this session
1602758780969	geckodriver	INFO	Listening on 127.0.0.1:49775
1602758780977	mozrunner::runner	INFO	Running command: "/usr/bin/firefox" "--marionette" "-foreground" "-no-remote" "-profile" "/tmp/rust_mozprofileKjDV9k"
console.error: SearchCache: "_readCacheFile: Error reading cache file:" (new Error("", "(unknown module)"))
1602758784039	Marionette	INFO	Listening on port 36645
1602758784087	Marionette	WARN	TLS certificate errors will be ignored for this session
1602758808543	geckodriver	INFO	Listening on 127.0.0.1:33743
1602758808549	mozrunner::runner	INFO	Running command: "/usr/bin/firefox" "--marionette" "-foreground" "-no-remote" "-profile" "/tmp/rust_mozprofilewWT8DV"
console.error: SearchCache: "_readCacheFile: Error reading cache file:" (new Error("", "(unknown module)"))
1602758811451	Marionette	INFO	Listening on port 38075
1602758811468	Marionette	WARN	TLS certificate errors will be ignored for this session
1602758836830	geckodriver	INFO	Listening on 127.0.0.1:53957
1602758836844	mozrunner::runner	INFO	Running command: "/usr/bin/firefox" "--marionette" "-foreground" "-no-remote" "-profile" "/tmp/rust_mozprofileHPRrul"
console.error: SearchCache: "_readCacheFile: Error reading cache file:" (new Error("", "(unknown module)"))
1602758839799	Marionette	INFO	Listening on port 37437
1602758839857	Marionette	WARN	TLS certificate errors will be ignored for this session
Exiting due to channel error.
Exiting due to channel error.
JavaScript error: , line 0: InvalidStateError: An attempt was made to use an object that is not, or is no longer, usable
Exiting due to channel error.
1602759015769	geckodriver	INFO	Listening on 127.0.0.1:38589
1602759015776	mozrunner::runner	INFO	Running command: "/usr/bin/firefox" "--marionette" "-foreground" "-no-remote" "-profile" "/tmp/rust_mozprofileITZEXU"
console.error: SearchCache: "_readCacheFile: Error reading cache file:" (new Error("", "(unknown module)"))
1602759018943	Marionette	INFO	Listening on port 32803
1602759018992	Marionette	WARN	TLS certificate errors will be ignored for this session
1602759064074	geckodriver	INFO	Listening on 127.0.0.1:41503
1602759064081	mozrunner::runner	INFO	Running command: "/usr/bin/firefox" "--marionette" "-foreground" "-no-remote" "-profile" "/tmp/rust_mozprofileijAEdN"
console.error: SearchCache: "_readCacheFile: Error reading cache file:" (new Error("", "(unknown module)"))
1602759067123	Marionette	INFO	Listening on port 38057
1602759067192	Marionette	WARN	TLS certificate errors will be ignored for this session
1602759101690	geckodriver	INFO	Listening on 127.0.0.1:58867
1602759101696	mozrunner::runner	INFO	Running command: "/usr/bin/firefox" "--marionette" "-foreground" "-no-remote" "-profile" "/tmp/rust_mozprofileEbR1gF"
console.error: SearchCache: "_readCacheFile: Error reading cache file:" (new Error("", "(unknown module)"))
1602759104651	Marionette	INFO	Listening on port 45415
1602759104715	Marionette	WARN	TLS certificate errors will be ignored for this session
1602759160166	geckodriver	INFO	Listening on 127.0.0.1:35429
1602759160173	mozrunner::runner	INFO	Running command: "/usr/bin/firefox" "--marionette" "-foreground" "-no-remote" "-profile" "/tmp/rust_mozprofile4CmS5j"
console.error: SearchCache: "_readCacheFile: Error reading cache file:" (new Error("", "(unknown module)"))
1602759163237	Marionette	INFO	Listening on port 45073
1602759163296	Marionette	WARN	TLS certificate errors will be ignored for this session
1602759200098	geckodriver	INFO	Listening on 127.0.0.1:34807
1602759200104	mozrunner::runner	INFO	Running command: "/usr/bin/firefox" "--marionette" "-foreground" "-no-remote" "-profile" "/tmp/rust_mozprofilewBzF0S"
console.error: SearchCache: "_readCacheFile: Error reading cache file:" (new Error("", "(unknown module)"))
1602759203058	Marionette	INFO	Listening on port 40133
1602759203151	Marionette	WARN	TLS certificate errors will be ignored for this session
1602759336294	geckodriver	INFO	Listening on 127.0.0.1:37929
1602759336304	mozrunner::runner	INFO	Running command: "/usr/bin/firefox" "--marionette" "-foreground" "-no-remote" "-profile" "/tmp/rust_mozprofile4GNMxr"
console.error: SearchCache: "_readCacheFile: Error reading cache file:" (new Error("", "(unknown module)"))
1602759339187	Marionette	INFO	Listening on port 46265
1602759339236	Marionette	WARN	TLS certificate errors will be ignored for this session
1602759400809	geckodriver	INFO	Listening on 127.0.0.1:38645
1602759400816	mozrunner::runner	INFO	Running command: "/usr/bin/firefox" "--marionette" "-foreground" "-no-remote" "-profile" "/tmp/rust_mozprofileE0ApwK"
console.error: SearchCache: "_readCacheFile: Error reading cache file:" (new Error("", "(unknown module)"))
1602759404009	Marionette	INFO	Listening on port 39257
1602759404031	Marionette	WARN	TLS certificate errors will be ignored for this session
1602759430923	geckodriver	INFO	Listening on 127.0.0.1:37227
1602759430932	mozrunner::runner	INFO	Running command: "/usr/bin/firefox" "--marionette" "-foreground" "-no-remote" "-profile" "/tmp/rust_mozprofileflfgGg"
console.error: SearchCache: "_readCacheFile: Error reading cache file:" (new Error("", "(unknown module)"))
1602759434113	Marionette	INFO	Listening on port 38137
1602759434152	Marionette	WARN	TLS certificate errors will be ignored for this session
1602759476500	geckodriver	INFO	Listening on 127.0.0.1:59169
1602759476509	mozrunner::runner	INFO	Running command: "/usr/bin/firefox" "--marionette" "-foreground" "-no-remote" "-profile" "/tmp/rust_mozprofileqbxiqU"
console.error: SearchCache: "_readCacheFile: Error reading cache file:" (new Error("", "(unknown module)"))
1602759479666	Marionette	INFO	Listening on port 46551
1602759479725	Marionette	WARN	TLS certificate errors will be ignored for this session
1602759527112	Marionette	INFO	Stopped listening on port 42827
1602759528511	Marionette	INFO	Stopped listening on port 46621
1602759529990	Marionette	INFO	Stopped listening on port 39909
1602759531352	Marionette	INFO	Stopped listening on port 46683
1602759532813	Marionette	INFO	Stopped listening on port 36645
1602759534305	Marionette	INFO	Stopped listening on port 38075
1602759536237	Marionette	INFO	Stopped listening on port 32803
1602759537706	Marionette	INFO	Stopped listening on port 38057
1602759538924	Marionette	INFO	Stopped listening on port 45415
1602759540331	Marionette	INFO	Stopped listening on port 45073
1602759541544	Marionette	INFO	Stopped listening on port 40133
1602759543689	Marionette	INFO	Stopped listening on port 46265
1602759545448	Marionette	INFO	Stopped listening on port 39257
1602759547026	Marionette	INFO	Stopped listening on port 38137
1602759548618	Marionette	INFO	Stopped listening on port 46551
1602759664335	geckodriver	INFO	Listening on 127.0.0.1:60951
1602759664342	mozrunner::runner	INFO	Running command: "/usr/bin/firefox" "--marionette" "-foreground" "-no-remote" "-profile" "/tmp/rust_mozprofileyfIrVJ"
console.error: SearchCache: "_readCacheFile: Error reading cache file:" (new Error("", "(unknown module)"))
1602759666933	Marionette	INFO	Listening on port 40149
1602759666990	Marionette	WARN	TLS certificate errors will be ignored for this session
1602759674488	Marionette	INFO	Stopped listening on port 40149
1602759693575	geckodriver	INFO	Listening on 127.0.0.1:44685
1602759693580	mozrunner::runner	INFO	Running command: "/usr/bin/firefox" "--marionette" "-foreground" "-no-remote" "-profile" "/tmp/rust_mozprofilePN3MvT"
console.error: SearchCache: "_readCacheFile: Error reading cache file:" (new Error("", "(unknown module)"))
1602759696378	Marionette	INFO	Listening on port 45117
1602759696398	Marionette	WARN	TLS certificate errors will be ignored for this session
1602759704478	Marionette	INFO	Stopped listening on port 45117
1602760410807	geckodriver	INFO	Listening on 127.0.0.1:42415
1602760410811	mozrunner::runner	INFO	Running command: "/usr/bin/firefox" "--marionette" "-foreground" "-no-remote" "-profile" "/tmp/rust_mozprofileIe2Zc5"
console.error: SearchCache: "_readCacheFile: Error reading cache file:" (new Error("", "(unknown module)"))
1602760412307	Marionette	INFO	Listening on port 38841
1602760412315	Marionette	WARN	TLS certificate errors will be ignored for this session
1602760482841	geckodriver	INFO	Listening on 127.0.0.1:47841
1602760482846	mozrunner::runner	INFO	Running command: "/usr/bin/firefox" "--marionette" "-foreground" "-no-remote" "-profile" "/tmp/rust_mozprofileNar08h"
console.error: SearchCache: "_readCacheFile: Error reading cache file:" (new Error("", "(unknown module)"))
1602760484413	Marionette	INFO	Listening on port 46627
1602760484450	Marionette	WARN	TLS certificate errors will be ignored for this session
1602760600651	geckodriver	INFO	Listening on 127.0.0.1:34333
1602760600654	mozrunner::runner	INFO	Running command: "/usr/bin/firefox" "--marionette" "-foreground" "-no-remote" "-profile" "/tmp/rust_mozprofilebtaEtb"
console.error: SearchCache: "_readCacheFile: Error reading cache file:" (new Error("", "(unknown module)"))
1602760602363	Marionette	INFO	Listening on port 33499
1602760602459	Marionette	WARN	TLS certificate errors will be ignored for this session
1602760660481	geckodriver	INFO	Listening on 127.0.0.1:58781
1602760660486	mozrunner::runner	INFO	Running command: "/usr/bin/firefox" "--marionette" "-foreground" "-no-remote" "-profile" "/tmp/rust_mozprofilerqygew"
console.error: SearchCache: "_readCacheFile: Error reading cache file:" (new Error("", "(unknown module)"))
1602760662180	Marionette	INFO	Listening on port 44109
1602760662216	Marionette	WARN	TLS certificate errors will be ignored for this session
1602760698917	geckodriver	INFO	Listening on 127.0.0.1:57261
1602760698921	mozrunner::runner	INFO	Running command: "/usr/bin/firefox" "--marionette" "-foreground" "-no-remote" "-profile" "/tmp/rust_mozprofileiaLr5E"
console.error: SearchCache: "_readCacheFile: Error reading cache file:" (new Error("", "(unknown module)"))
1602760700445	Marionette	INFO	Listening on port 38979
1602760700527	Marionette	WARN	TLS certificate errors will be ignored for this session
1602760755901	geckodriver	INFO	Listening on 127.0.0.1:53107
1602760755906	mozrunner::runner	INFO	Running command: "/usr/bin/firefox" "--marionette" "-foreground" "-no-remote" "-profile" "/tmp/rust_mozprofileFa6qfI"
console.error: SearchCache: "_readCacheFile: Error reading cache file:" (new Error("", "(unknown module)"))
1602760757557	Marionette	INFO	Listening on port 40965
1602760757613	Marionette	WARN	TLS certificate errors will be ignored for this session
1602760784697	geckodriver	INFO	Listening on 127.0.0.1:55799
1602760784701	mozrunner::runner	INFO	Running command: "/usr/bin/firefox" "--marionette" "-foreground" "-no-remote" "-profile" "/tmp/rust_mozprofiley68orf"
console.error: SearchCache: "_readCacheFile: Error reading cache file:" (new Error("", "(unknown module)"))
1602760786378	Marionette	INFO	Listening on port 43363
1602760786415	Marionette	WARN	TLS certificate errors will be ignored for this session
1602760792000	Marionette	INFO	Stopped listening on port 43363
1602760971652	geckodriver	INFO	Listening on 127.0.0.1:46117
1602760971656	mozrunner::runner	INFO	Running command: "/usr/bin/firefox" "--marionette" "-foreground" "-no-remote" "-profile" "/tmp/rust_mozprofilelqF0cb"
console.error: SearchCache: "_readCacheFile: Error reading cache file:" (new Error("", "(unknown module)"))
1602760973285	Marionette	INFO	Listening on port 45585
1602760973364	Marionette	WARN	TLS certificate errors will be ignored for this session
1602760979093	Marionette	INFO	Stopped listening on port 45585
1602761021110	geckodriver	INFO	Listening on 127.0.0.1:41107
1602761021114	mozrunner::runner	INFO	Running command: "/usr/bin/firefox" "--marionette" "-foreground" "-no-remote" "-profile" "/tmp/rust_mozprofilebjByzQ"
console.error: SearchCache: "_readCacheFile: Error reading cache file:" (new Error("", "(unknown module)"))
1602761022687	Marionette	INFO	Listening on port 40605
1602761022721	Marionette	WARN	TLS certificate errors will be ignored for this session
1602761028067	Marionette	INFO	Stopped listening on port 40605
1602761063018	geckodriver	INFO	Listening on 127.0.0.1:59083
1602761063022	mozrunner::runner	INFO	Running command: "/usr/bin/firefox" "--marionette" "-foreground" "-no-remote" "-profile" "/tmp/rust_mozprofilei4JaZ8"
console.error: SearchCache: "_readCacheFile: Error reading cache file:" (new Error("", "(unknown module)"))
1602761064696	Marionette	INFO	Listening on port 40029
1602761064728	Marionette	WARN	TLS certificate errors will be ignored for this session
1602761069274	Marionette	INFO	Stopped listening on port 40029
1602761115904	geckodriver	INFO	Listening on 127.0.0.1:45495
1602761115909	mozrunner::runner	INFO	Running command: "/usr/bin/firefox" "--marionette" "-foreground" "-no-remote" "-profile" "/tmp/rust_mozprofilegj3sKs"
console.error: SearchCache: "_readCacheFile: Error reading cache file:" (new Error("", "(unknown module)"))
1602761117461	Marionette	INFO	Listening on port 32773
1602761117516	Marionette	WARN	TLS certificate errors will be ignored for this session
1602761128513	Marionette	INFO	Stopped listening on port 32773
